Mplus VERSION 8.6 (Mac)
MUTHEN & MUTHEN
08/23/2021   1:53 PM

INPUT INSTRUCTIONS

  TITLE:
  this is an example of a two-level
  	  regression analysis for a continuous
  	  dependent variable with a random intercept and a latent covariate
  DATA:
  FILE = "ex2.dat";

  VARIABLE:
  NAMES = ID idys Ideation NA_F;
   MISSING=.;
   BETWEEN = NA_F;
  	  CLUSTER = ID;
  DEFINE:
  CENTER idys (GRANDMEAN);
  ANALYSIS:
  TYPE = TWOLEVEL;
      ESTIMATOR=MLR;
  MODEL:

      %WITHIN%
  	    Ideation ON idys (gamma10);
  	    idys;
  	  %BETWEEN%
  	    Ideation ON NA_F
  	         idys (gamma01);
  OUTPUT:
  STDYX RESIDUAL;



*** WARNING
  One or more individual-level variables have no variation within a
  cluster for the following clusters.

     Variable   Cluster IDs with no within-cluster variation

      IDEATION    2012 7207 7215 7231 7251 7279 6930 6644 6978 7001 6645 7126 6831 6840 7193 6497
                  6551 2031 6891 6916 7185 7190 6684 6398 6767 6768 6667 6624 6553 6583 6898 6019
                  6608 6854 7048 6991 7014 7017 7021 6543 6803 6605 6250 6924 6505 6819 6659 2392
                  6593 6693 6672 6611 6508 2021
      IDYS        2501 3163 6415 6841 7005 7037 7148 7155 7164 7175 7204 7235 7236 7241 7298 7304
                  7305 7306 7307 7308 7309 7310 7311 7312 7313 7317 7318 7320 7323 7324 7325 7331
                  7332 7334 7336 7337 7338 7339 7340 7343 7344 7345 7346 7365 7367 7373 7375 7376
                  7377 7379 7381 7385 7206 7207 7211 7215 7216 7217 7219 7223 7224 7227 7229 7231
                  7233 7237 7238 7240 2155 7251 7268 7269 7272 7275 7278 7279 7285 7292 7299 7126
                  7154 7159 2122 7167 7168 2041 7189 7193 7201 7205 6847 7095 7098 7111 7114 7118
                  7121 7173 7180 7183 7185 7187 7188 7190 7192 7194 7195 7196 7197 7203 7209

   1 WARNING(S) FOUND IN THE INPUT INSTRUCTIONS




this is an example of a two-level
regression analysis for a continuous
dependent variable with a random intercept and a latent covariate

SUMMARY OF ANALYSIS

Number of groups                                                 1
Number of observations                                        2573

Number of dependent variables                                    1
Number of independent variables                                  2
Number of continuous latent variables                            0

Observed dependent variables

  Continuous
   IDEATION

Observed independent variables
   IDYS        NA_F

Variables with special functions

  Cluster variable      ID

  Between variables
   NA_F

  Centering (GRANDMEAN)
   IDYS


Estimator                                                      MLR
Information matrix                                        OBSERVED
Maximum number of iterations                                   100
Convergence criterion                                    0.100D-05
Maximum number of EM iterations                                500
Convergence criteria for the EM algorithm
  Loglikelihood change                                   0.100D-02
  Relative loglikelihood change                          0.100D-05
  Derivative                                             0.100D-03
Minimum variance                                         0.100D-03
Maximum number of steepest descent iterations                   20
Maximum number of iterations for H1                           2000
Convergence criterion for H1                             0.100D-03
Optimization algorithm                                         EMA

Input data file(s)
  ex2.dat
Input data format  FREE


SUMMARY OF DATA

     Number of missing data patterns             3
     Number of clusters                        453

     Average cluster size        5.680

     Estimated Intraclass Correlations for the Y Variables

                Intraclass              Intraclass
     Variable  Correlation   Variable  Correlation

     IDEATION     0.343      IDYS         0.546



COVARIANCE COVERAGE OF DATA

Minimum covariance coverage value   0.100


     PROPORTION OF DATA PRESENT


           Covariance Coverage
              IDEATION      IDYS          NA_F
              ________      ________      ________
 IDEATION       0.986
 IDYS           0.684         0.698
 NA_F           0.986         0.698         1.000



UNIVARIATE SAMPLE STATISTICS


     UNIVARIATE HIGHER-ORDER MOMENT DESCRIPTIVE STATISTICS

         Variable/         Mean/     Skewness/   Minimum/ % with                Percentiles
        Sample Size      Variance    Kurtosis    Maximum  Min/Max      20%/60%    40%/80%    Median

     IDEATION              4.351       1.814       0.000   56.84%       0.000      0.000      0.000
            2537.000      52.972       2.683      37.000    0.08%       1.000      9.500
     IDYS                  0.000       0.469      -1.289    0.06%      -0.528     -0.202     -0.045
            1797.000       0.343      -0.016       2.396    0.06%       0.111      0.481
     NA_F                 -0.002      -0.301      -3.184    0.22%      -0.576     -0.023      0.082
             453.000       0.695       1.591       3.075    0.22%       0.167      0.531


THE MODEL ESTIMATION TERMINATED NORMALLY



MODEL FIT INFORMATION

Number of Free Parameters                        9

Loglikelihood

          H0 Value                       -9480.740
          H0 Scaling Correction Factor      1.9603
            for MLR
          H1 Value                       -9439.973
          H1 Scaling Correction Factor      1.8393
            for MLR

Information Criteria

          Akaike (AIC)                   18979.480
          Bayesian (BIC)                 19032.155
          Sample-Size Adjusted BIC       19003.560
            (n* = (n + 2) / 24)

Chi-Square Test of Model Fit

          Value                            108.733*
          Degrees of Freedom                     1
          P-Value                           0.0000
          Scaling Correction Factor         0.7499
            for MLR

*   The chi-square value for MLM, MLMV, MLR, ULSMV, WLSM and WLSMV cannot be used
    for chi-square difference testing in the regular way.  MLM, MLR and WLSM
    chi-square difference testing is described on the Mplus website.  MLMV, WLSMV,
    and ULSMV difference testing is done using the DIFFTEST option.

RMSEA (Root Mean Square Error Of Approximation)

          Estimate                           0.205

CFI/TLI

          CFI                                0.607
          TLI                                0.000

Chi-Square Test of Model Fit for the Baseline Model

          Value                            277.983
          Degrees of Freedom                     4
          P-Value                           0.0000

SRMR (Standardized Root Mean Square Residual)

          Value for Within                   0.004
          Value for Between                  0.192



MODEL RESULTS

                                                    Two-Tailed
                    Estimate       S.E.  Est./S.E.    P-Value

Within Level

 IDEATION   ON
    IDYS               5.691      0.576      9.873      0.000

 Variances
    IDYS               0.146      0.010     14.846      0.000

 Residual Variances
    IDEATION          33.450      2.473     13.524      0.000

Between Level

 IDEATION   ON
    NA_F               0.528      0.309      1.710      0.087
    IDYS               3.985      0.941      4.233      0.000

 Means
    IDYS               0.093      0.027      3.459      0.001

 Intercepts
    IDEATION           5.141      0.280     18.355      0.000

 Variances
    IDYS               0.183      0.017     10.676      0.000

 Residual Variances
    IDEATION          15.992      3.045      5.253      0.000


QUALITY OF NUMERICAL RESULTS

     Condition Number for the Information Matrix              0.365E-04
       (ratio of smallest to largest eigenvalue)


STANDARDIZED MODEL RESULTS


STDYX Standardization

                                                    Two-Tailed
                    Estimate       S.E.  Est./S.E.    P-Value

Within Level

 IDEATION   ON
    IDYS               0.352      0.029     12.242      0.000

 Variances
    IDYS               1.000      0.000    999.000    999.000

 Residual Variances
    IDEATION           0.876      0.020     43.310      0.000

Between Level

 IDEATION   ON
    NA_F               0.101      0.060      1.682      0.093
    IDYS               0.390      0.086      4.513      0.000

 Means
    IDYS               0.217      0.061      3.568      0.000

 Intercepts
    IDEATION           1.177      0.084     13.956      0.000

 Variances
    IDYS               1.000      0.000    999.000    999.000

 Residual Variances
    IDEATION           0.838      0.060     13.856      0.000


R-SQUARE

Within Level

    Observed                                        Two-Tailed
    Variable        Estimate       S.E.  Est./S.E.    P-Value

    IDEATION           0.124      0.020      6.121      0.000

Between Level

    Observed                                        Two-Tailed
    Variable        Estimate       S.E.  Est./S.E.    P-Value

    IDEATION           0.162      0.060      2.684      0.007


RESIDUAL OUTPUT


     ESTIMATED MODEL AND RESIDUALS (OBSERVED - ESTIMATED) FOR WITHIN


           Model Estimated Means
              IDEATION      IDYS          NA_F
              ________      ________      ________
                0.000         0.000         0.000


           Residuals for Means
              IDEATION      IDYS          NA_F
              ________      ________      ________
                0.000         0.000         0.000


           Model Estimated Covariances
              IDEATION      IDYS          NA_F
              ________      ________      ________
 IDEATION      38.178
 IDYS           0.831         0.146
 NA_F           0.000         0.000         0.000


           Residuals for Covariances
              IDEATION      IDYS          NA_F
              ________      ________      ________
 IDEATION      -0.055
 IDYS          -0.013        -0.001
 NA_F           0.000         0.000         0.000


           Model Estimated Correlations
              IDEATION      IDYS          NA_F
              ________      ________      ________
 IDEATION       1.000
 IDYS           0.352         1.000
 NA_F           0.000         0.000         0.000


           Residuals for Correlations
              IDEATION      IDYS          NA_F
              ________      ________      ________
 IDEATION       0.000
 IDYS          -0.004         0.000
 NA_F           0.000         0.000         0.000


     ESTIMATED MODEL AND RESIDUALS (OBSERVED - ESTIMATED) FOR BETWEEN


           Model Estimated Means
              IDEATION      IDYS          NA_F
              ________      ________      ________
                5.509         0.093        -0.002


           Residuals for Means
              IDEATION      IDYS          NA_F
              ________      ________      ________
               -0.008        -0.005         0.000


           Model Estimated Covariances
              IDEATION      IDYS          NA_F
              ________      ________      ________
 IDEATION      19.090
 IDYS           0.729         0.183
 NA_F           0.367         0.000         0.695


           Residuals for Covariances
              IDEATION      IDYS          NA_F
              ________      ________      ________
 IDEATION       0.841
 IDYS           0.072        -0.008
 NA_F           0.642         0.165         0.000


           Model Estimated Correlations
              IDEATION      IDYS          NA_F
              ________      ________      ________
 IDEATION       1.000
 IDYS           0.390         1.000
 NA_F           0.101         0.000         1.000


           Residuals for Correlations
              IDEATION      IDYS          NA_F
              ________      ________      ________
 IDEATION       0.000
 IDYS           0.039         0.000
 NA_F           0.170         0.472         0.000


     Beginning Time:  13:53:17
        Ending Time:  13:53:17
       Elapsed Time:  00:00:00



MUTHEN & MUTHEN
3463 Stoner Ave.
Los Angeles, CA  90066

Tel: (310) 391-9971
Fax: (310) 391-8971
Web: www.StatModel.com
Support: Support@StatModel.com

Copyright (c) 1998-2021 Muthen & Muthen
