Mplus VERSION 8.6 (Mac)
MUTHEN & MUTHEN
08/23/2021   1:53 PM

INPUT INSTRUCTIONS

  TITLE:
  Same model as previous, but now we use a latent variable to represent Int Dys
  DATA:
  FILE = "ex2a.dat";

  VARIABLE:
  NAMES = ID IDys_Wor IDys_Fam IDys_Soc Ideation NA_F;
   MISSING=.;
   BETWEEN = NA_F;
  	  CLUSTER = ID;
  ANALYSIS:
  TYPE = TWOLEVEL RANDOM;
      ESTIMATOR=MLR;
  MODEL:

      %WITHIN%	
        idysw BY IDys_Wor IDys_Fam IDys_Soc;
   	    Ideation ON idysw;
  	  %BETWEEN%	
  	    idysb BY IDys_Wor IDys_Fam IDys_Soc;
  	    Ideation ON NA_F idysb;

  OUTPUT:
  STDYX RESIDUAL;



*** WARNING
  One or more individual-level variables have no variation within a
  cluster for the following clusters.

     Variable   Cluster IDs with no within-cluster variation

      IDYS_WOR    2133 2352 2371 2501 3163 6415 6841 7005 7037 7064 7148 7155 7164 7175 7204 7235
                  7236 7241 7298 7304 7305 7306 7307 7308 7309 7310 7311 7312 7313 7317 7318 7320
                  7323 7324 7325 7331 7332 7334 7336 7337 7338 7339 7340 7343 7344 7345 7346 7365
                  7367 7373 7375 7376 7377 7379 7381 7385 7206 7207 7211 7215 7216 7217 7219 7223
                  7224 7227 7229 7231 7233 7237 7238 7240 2155 7251 7268 7269 7272 7275 7278 7279
                  7285 7292 2075 7299 7126 7154 7159 2122 7167 7168 2041 7189 7193 7201 7205 6497
                  6847 7095 7098 7111 7114 7118 7121 7173 7180 7183 7185 7187 7188 7190 7192 7194
                  7195 7196 7197 7203 7209 2162 7068 7042
      IDYS_FAM    2501 3163 6415 6577 6841 6943 7005 7037 7148 7155 7164 7175 7204 7235 7236 7241
                  7298 7304 7305 7306 7307 7308 7309 7310 7311 7312 7313 7317 7318 7320 7323 7324
                  7325 7331 7332 7334 7336 7337 7338 7339 7340 7343 7344 7345 7346 7365 7367 7373
                  7375 7376 7377 7379 7381 7385 7206 7207 7211 7215 7216 7217 7219 7223 7224 7227
                  7229 7231 7233 7237 7238 7240 2155 7251 7268 7269 7272 7275 7278 7279 7285 7292
                  7299 6644 6299 6740 7126 7154 7159 2122 7167 7168 2041 7189 7193 7201 7205 7095
                  7098 7111 7114 7118 7121 7173 7180 7183 7185 7187 7188 7190 7192 7194 7195 7196
                  7197 7203 7209 6815
      IDYS_SOC    2501 3163 6415 6841 7005 7037 7148 7155 7164 7175 7204 7235 7236 7241 7298 7304
                  7305 7306 7307 7308 7309 7310 7311 7312 7313 7317 7318 7320 7323 7324 7325 7331
                  7332 7334 7336 7337 7338 7339 7340 7343 7344 7345 7346 7365 7367 7373 7375 7376
                  7377 7379 7381 7385 7206 7207 7211 7215 7216 7217 7219 7223 7224 7227 7229 7231
                  7233 7237 7238 7240 2155 7251 7268 7269 7272 7275 7278 7279 7285 7292 7299 7126
                  7154 7159 2122 7167 7168 2041 7189 7193 7201 7205 6847 7095 7098 7111 7114 7118
                  7121 7173 6916 7180 7183 7185 7187 7188 7190 7192 7194 7195 7196 7197 7203 7209
      IDEATION    2012 7207 7215 7231 7251 7279 6930 6644 6978 7001 6645 7126 6831 6840 7193 6497
                  6551 2031 6891 6916 7185 7190 6684 6398 6767 6768 6667 6624 6553 6583 6898 6019
                  6608 6854 7048 6991 7014 7017 7021 6543 6803 6605 6250 6924 6505 6819 6659 2392
                  6593 6693 6672 6611 6508 2021

*** WARNING in OUTPUT command
  STANDARDIZED (STD, STDY, STDYX) options are available only for TYPE=TWOLEVEL RANDOM
  with ESTIMATOR=BAYES.  Request for STANDARDIZED (STD, STDY, STDYX) is ignored.
*** WARNING in OUTPUT command
  RESIDUAL option is only available for TYPE=TWOLEVEL RANDOM with ESTIMATOR=BAYES.
  Request for RESIDUAL is ignored.
   3 WARNING(S) FOUND IN THE INPUT INSTRUCTIONS




Same model as previous, but now we use a latent variable to represent Int Dys

SUMMARY OF ANALYSIS

Number of groups                                                 1
Number of observations                                        2573

Number of dependent variables                                    4
Number of independent variables                                  1
Number of continuous latent variables                            2

Observed dependent variables

  Continuous
   IDYS_WOR    IDYS_FAM    IDYS_SOC    IDEATION

Observed independent variables
   NA_F

Continuous latent variables
   IDYSW       IDYSB

Variables with special functions

  Cluster variable      ID

  Between variables
   NA_F


Estimator                                                      MLR
Information matrix                                        OBSERVED
Maximum number of iterations                                   100
Convergence criterion                                    0.100D-05
Maximum number of EM iterations                                500
Convergence criteria for the EM algorithm
  Loglikelihood change                                   0.100D-02
  Relative loglikelihood change                          0.100D-05
  Derivative                                             0.100D-03
Minimum variance                                         0.100D-03
Maximum number of steepest descent iterations                   20
Maximum number of iterations for H1                           2000
Convergence criterion for H1                             0.100D-03
Optimization algorithm                                         EMA

Input data file(s)
  ex2a.dat
Input data format  FREE


SUMMARY OF DATA

     Number of missing data patterns            11
     Number of clusters                        453

     Average cluster size        5.680

     Estimated Intraclass Correlations for the Y Variables

                Intraclass              Intraclass              Intraclass
     Variable  Correlation   Variable  Correlation   Variable  Correlation

     IDYS_WOR     0.466      IDYS_FAM     0.459      IDYS_SOC     0.507
     IDEATION     0.345



COVARIANCE COVERAGE OF DATA

Minimum covariance coverage value   0.100


     PROPORTION OF DATA PRESENT


           Covariance Coverage
              IDYS_WOR      IDYS_FAM      IDYS_SOC      IDEATION      NA_F
              ________      ________      ________      ________      ________
 IDYS_WOR       0.674
 IDYS_FAM       0.651         0.678
 IDYS_SOC       0.668         0.671         0.696
 IDEATION       0.661         0.664         0.682         0.986
 NA_F           0.674         0.678         0.696         0.986         1.000



UNIVARIATE SAMPLE STATISTICS


     UNIVARIATE HIGHER-ORDER MOMENT DESCRIPTIVE STATISTICS

         Variable/         Mean/     Skewness/   Minimum/ % with                Percentiles
        Sample Size      Variance    Kurtosis    Maximum  Min/Max      20%/60%    40%/80%    Median

     IDYS_WOR              2.122       0.821       1.000    4.33%       1.500      1.833      2.000
            1734.000       0.568       0.443       5.000    0.12%       2.167      2.667
     IDYS_FAM              2.209       0.420       1.000    1.83%       1.625      2.000      2.146
            1744.000       0.440      -0.125       5.000    0.06%       2.333      2.771
     IDYS_SOC              2.560       0.637       1.000    0.22%       1.889      2.222      2.444
            1790.000       0.583       0.049       5.000    0.28%       2.667      3.222
     IDEATION              4.351       1.814       0.000   56.84%       0.000      0.000      0.000
            2537.000      52.972       2.683      37.000    0.08%       1.000      9.500
     NA_F                 -0.002      -0.301      -3.184    0.22%      -0.576     -0.023      0.082
             453.000       0.695       1.591       3.075    0.22%       0.167      0.531


THE MODEL ESTIMATION TERMINATED NORMALLY



MODEL FIT INFORMATION

Number of Free Parameters                       21

Loglikelihood

          H0 Value                      -12704.926
          H0 Scaling Correction Factor      1.7369
            for MLR
          H1 Value                      -12660.055
          H1 Scaling Correction Factor      1.5593
            for MLR

Information Criteria

          Akaike (AIC)                   25451.852
          Bayesian (BIC)                 25574.761
          Sample-Size Adjusted BIC       25508.038
            (n* = (n + 2) / 24)

Chi-Square Test of Model Fit

          Value                             87.415*
          Degrees of Freedom                     7
          P-Value                           0.0000
          Scaling Correction Factor         1.0266
            for MLR

*   The chi-square value for MLM, MLMV, MLR, ULSMV, WLSM and WLSMV cannot be used
    for chi-square difference testing in the regular way.  MLM, MLR and WLSM
    chi-square difference testing is described on the Mplus website.  MLMV, WLSMV,
    and ULSMV difference testing is done using the DIFFTEST option.

RMSEA (Root Mean Square Error Of Approximation)

          Estimate                           0.067

CFI/TLI

          CFI                                0.914
          TLI                                0.803

Chi-Square Test of Model Fit for the Baseline Model

          Value                            947.880
          Degrees of Freedom                    16
          P-Value                           0.0000

SRMR (Standardized Root Mean Square Residual)

          Value for Within                   0.011
          Value for Between                  0.178



MODEL RESULTS

                                                    Two-Tailed
                    Estimate       S.E.  Est./S.E.    P-Value

Within Level

 IDYSW    BY
    IDYS_WOR           1.000      0.000    999.000    999.000
    IDYS_FAM           1.039      0.096     10.805      0.000
    IDYS_SOC           1.082      0.107     10.132      0.000

 IDEATION   ON
    IDYSW              9.113      1.143      7.973      0.000

 Variances
    IDYSW              0.088      0.014      6.422      0.000

 Residual Variances
    IDYS_WOR           0.208      0.015     13.514      0.000
    IDYS_FAM           0.133      0.011     11.538      0.000
    IDYS_SOC           0.171      0.013     12.838      0.000
    IDEATION          30.860      2.498     12.353      0.000

Between Level

 IDYSB    BY
    IDYS_WOR           1.000      0.000    999.000    999.000
    IDYS_FAM           0.938      0.104      8.989      0.000
    IDYS_SOC           1.195      0.125      9.557      0.000

 IDEATION   ON
    IDYSB              4.205      1.224      3.434      0.001

 IDEATION   ON
    NA_F               0.606      0.322      1.884      0.060

 Intercepts
    IDYS_WOR           2.229      0.034     65.064      0.000
    IDYS_FAM           2.301      0.029     78.673      0.000
    IDYS_SOC           2.655      0.035     75.553      0.000
    IDEATION           5.506      0.293     18.790      0.000

 Variances
    IDYSB              0.153      0.030      5.133      0.000

 Residual Variances
    IDYS_WOR           0.118      0.019      6.235      0.000
    IDYS_FAM           0.063      0.014      4.646      0.000
    IDYS_SOC           0.075      0.020      3.646      0.000
    IDEATION          16.131      3.144      5.132      0.000


QUALITY OF NUMERICAL RESULTS

     Condition Number for the Information Matrix              0.192E-04
       (ratio of smallest to largest eigenvalue)


     Beginning Time:  13:53:18
        Ending Time:  13:53:18
       Elapsed Time:  00:00:00



MUTHEN & MUTHEN
3463 Stoner Ave.
Los Angeles, CA  90066

Tel: (310) 391-9971
Fax: (310) 391-8971
Web: www.StatModel.com
Support: Support@StatModel.com

Copyright (c) 1998-2021 Muthen & Muthen
